<?xml version="1.0" encoding="UTF-8"?>
<coverage generated="1762166605574" clover="3.2.0">
  <project timestamp="1762166605574" name="All files">
    <metrics statements="4" coveredstatements="3" conditionals="1" coveredconditionals="1" methods="3" coveredmethods="2" elements="8" coveredelements="6" complexity="0" loc="4" ncloc="4" packages="1" files="1" classes="1"/>
    <file name="standaloneTestData.js" path="D:\qingfeng\transaction-record\bankapp\src\utils\standaloneTestData.js">
      <metrics statements="4" coveredstatements="3" conditionals="1" coveredconditionals="1" methods="3" coveredmethods="2"/>
      <line num="6" count="1" type="stmt"/>
      <line num="163" count="1" type="stmt"/>
      <line num="169" count="2" type="stmt"/>
      <line num="174" count="0" type="stmt"/>
    </file>
  </project>
</coverage>
