{"D:\\qingfeng\\transaction-record\\bankapp\\src\\utils\\standaloneTestData.js": {"path":"D:\\qingfeng\\transaction-record\\bankapp\\src\\utils\\standaloneTestData.js","statementMap":{"0":{"start":{"line":6,"column":34},"end":{"line":176,"column":1}},"1":{"start":{"line":163,"column":4},"end":{"line":164,"column":null}},"2":{"start":{"line":169,"column":4},"end":{"line":169,"column":null}},"3":{"start":{"line":174,"column":4},"end":{"line":174,"column":null}}},"fnMap":{"0":{"name":"(anonymous_0)","decl":{"start":{"line":162,"column":2},"end":{"line":162,"column":21}},"loc":{"start":{"line":162,"column":24},"end":{"line":165,"column":3}},"line":162},"1":{"name":"(anonymous_1)","decl":{"start":{"line":168,"column":2},"end":{"line":168,"column":26}},"loc":{"start":{"line":168,"column":39},"end":{"line":170,"column":3}},"line":168},"2":{"name":"(anonymous_2)","decl":{"start":{"line":173,"column":2},"end":{"line":173,"column":19}},"loc":{"start":{"line":173,"column":28},"end":{"line":175,"column":null}},"line":173}},"branchMap":{"0":{"loc":{"start":{"line":168,"column":27},"end":{"line":168,"column":37}},"type":"default-arg","locations":[{"start":{"line":168,"column":36},"end":{"line":168,"column":37}}],"line":168}},"s":{"0":1,"1":1,"2":2,"3":0},"f":{"0":1,"1":2,"2":0},"b":{"0":[2]},"meta":{"lastBranch":1,"lastFunction":3,"lastStatement":4,"seen":{"s:6:34:176:1":0,"f:162:2:162:21":0,"s:163:4:164:Infinity":1,"f:168:2:168:26":1,"b:168:36:168:37":0,"s:169:4:169:Infinity":2,"f:173:2:173:19":2,"s:174:4:174:Infinity":3}}}
}
